
> ailingo-web@0.1.0 build
> next build

node.exe : ÔÜá 
Warning: Next.js 
inferred your 
workspace root, but it 
may not be correct.
At line:1 char:1
+ & "C:\Program 
Files\nodejs/node.exe" 
"C:\Program 
Files\nodejs/node_mo 
...
+ ~~~~~~~~~~~~~~~~~~~~~
~~~~~~~~~~~~~~~~~~~~~~~
~~~~~~~~~~~~~~~~~~~~~~~
~~
    + CategoryInfo     
         : NotSpecifi  
  ed: (ÔÜá Warning:    
 Ne...not be correc    
t.:String) [], Rem    
oteException
    + FullyQualifiedEr 
   rorId : NativeComm  
  andError
 
 We detected multiple 
lockfiles and selected 
the directory of C:\Use
rs\Michele\package-lock
.json as the root 
directory.
 To silence this 
warning, set 
`turbopack.root` in 
your Next.js config, 
or consider removing 
one of the lockfiles 
if it's not needed.
   See https://nextjs.o
rg/docs/app/api-referen
ce/config/next-config-j
s/turbopack#root-direct
ory for more 
information.
 Detected additional 
lockfiles: 
   * C:\Users\Michele\D
esktop\AILINGO\ailingo-
web\package-lock.json
   * C:\Users\Michele\D
esktop\AILINGO\package-
lock.json

Ôû▓ Next.js 16.1.6 (Turbopack)
- Environments: .env

  Creating an optimized production build ...
Ô£ô Compiled successfully in 3.6s
  Running TypeScript ...
Failed to compile.

./prisma/seed.ts:1:10
Type error: Module 
'"@prisma/client"' has 
no exported member 
'PrismaClient'.

[0m[31m[1m>[22m[39
m[90m 1 |[39m 
[36mimport[39m { 
[33mPrismaClient[39m 
} [36mfrom[39m [32m'
@prisma/client'[39m
 [90m   |[39m        
  [31m[1m^[22m[39m
 [90m 2 |[39m
 [90m 3 |[39m 
[36mconst[39m prisma 
[33m=[39m 
[36mnew[39m [33mPris
maClient[39m()
 [90m 4 |[39m[0m
Next.js build worker 
exited with code: 1 
and signal: null
